clusterrolebinding.rbac.authorization.k8s.io/admin-cluster-admin created
clusterrolebinding.rbac.authorization.k8s.io/basic-users created
clusterrolebinding.rbac.authorization.k8s.io/cluster-admins created
clusterrolebinding.rbac.authorization.k8s.io/cluster-autoscaler-operator created
clusterrolebinding.rbac.authorization.k8s.io/clusterlogging-collector-metrics created
clusterrolebinding.rbac.authorization.k8s.io/cluster-node-tuning:tuned created
clusterrolebinding.rbac.authorization.k8s.io/cluster-readers created
clusterrolebinding.rbac.authorization.k8s.io/cluster-samples-operator created
clusterrolebinding.rbac.authorization.k8s.io/cluster-version-operator created
clusterrolebinding.rbac.authorization.k8s.io/console created
clusterrolebinding.rbac.authorization.k8s.io/console-extensions-reader created
clusterrolebinding.rbac.authorization.k8s.io/console-operator created
clusterrolebinding.rbac.authorization.k8s.io/default-account-cluster-image-registry-operator created
clusterrolebinding.rbac.authorization.k8s.io/default-account-cluster-network-operator created
clusterrolebinding.rbac.authorization.k8s.io/default-account-openshift-machine-config-operator created
clusterrolebinding.rbac.authorization.k8s.io/helm-chartrepos-view created
clusterrolebinding.rbac.authorization.k8s.io/insights-operator-auth created
clusterrolebinding.rbac.authorization.k8s.io/insights-operator-gather created
clusterrolebinding.rbac.authorization.k8s.io/kube-apiserver created
clusterrolebinding.rbac.authorization.k8s.io/machine-api-controllers created
clusterrolebinding.rbac.authorization.k8s.io/machine-config-controller created
clusterrolebinding.rbac.authorization.k8s.io/machine-config-daemon created
clusterrolebinding.rbac.authorization.k8s.io/openshift-csi-snapshot-controller-role created
clusterrolebinding.rbac.authorization.k8s.io/openshift-ingress-operator created
clusterrolebinding.rbac.authorization.k8s.io/openshift-ovn-kubernetes-controller created
clusterrolebinding.rbac.authorization.k8s.io/openshift-ovn-kubernetes-node created
clusterrolebinding.rbac.authorization.k8s.io/rbohne@redhat.com-sudoers created
clusterrolebinding.rbac.authorization.k8s.io/router-monitoring created
clusterrolebinding.rbac.authorization.k8s.io/self-access-reviewers created
clusterrolebinding.rbac.authorization.k8s.io/self-provisioners created
clusterrolebinding.rbac.authorization.k8s.io/system-bootstrap-node-bootstrapper created
clusterrolebinding.rbac.authorization.k8s.io/system:build-strategy-docker-binding created
clusterrolebinding.rbac.authorization.k8s.io/system:build-strategy-jenkinspipeline-binding created
clusterrolebinding.rbac.authorization.k8s.io/system:build-strategy-source-binding created
clusterrolebinding.rbac.authorization.k8s.io/system:deployer created
clusterrolebinding.rbac.authorization.k8s.io/system:image-puller created
clusterrolebinding.rbac.authorization.k8s.io/system:openshift:controller:build-config-change-controller created
clusterrolebinding.rbac.authorization.k8s.io/system:openshift:controller:build-controller created
clusterrolebinding.rbac.authorization.k8s.io/system:openshift:controller:default-rolebindings-controller created
clusterrolebinding.rbac.authorization.k8s.io/system:openshift:controller:deployer-controller created
clusterrolebinding.rbac.authorization.k8s.io/system:openshift:controller:deploymentconfig-controller created
clusterrolebinding.rbac.authorization.k8s.io/system:openshift:controller:pv-recycler-controller created
clusterrolebinding.rbac.authorization.k8s.io/system:openshift:controller:resourcequota-controller created
clusterrolebinding.rbac.authorization.k8s.io/system:openshift:controller:serviceaccount-controller created
clusterrolebinding.rbac.authorization.k8s.io/system:openshift:controller:serviceaccount-pull-secrets-controller created
clusterrolebinding.rbac.authorization.k8s.io/system:openshift:controller:template-instance-controller:admin created
clusterrolebinding.rbac.authorization.k8s.io/system:openshift:controller:template-instance-finalizer-controller created
clusterrolebinding.rbac.authorization.k8s.io/system:openshift:controller:template-instance-finalizer-controller:admin created
clusterrolebinding.rbac.authorization.k8s.io/system:openshift:controller:template-service-broker created
clusterrolebinding.rbac.authorization.k8s.io/system:openshift:controller:unidling-controller created
clusterrolebinding.rbac.authorization.k8s.io/system:openshift:operator:service-ca-operator created
clusterrole.rbac.authorization.k8s.io/openshift-logging-6hbn8-admin created
clusterrole.rbac.authorization.k8s.io/openshift-logging-6hbn8-edit created
clusterrole.rbac.authorization.k8s.io/openshift-logging-6hbn8-view created
clusterrole.rbac.authorization.k8s.io/openshift-operators-redhat-mgp7x-admin created
clusterrole.rbac.authorization.k8s.io/openshift-operators-redhat-mgp7x-edit created
clusterrole.rbac.authorization.k8s.io/openshift-operators-redhat-mgp7x-view created
clusterrole.rbac.authorization.k8s.io/openshift-ovn-kubernetes-controller created
clusterrole.rbac.authorization.k8s.io/openshift-ovn-kubernetes-node created
