clusterrolebinding.rbac.authorization.k8s.io/admin-cluster-admin                                                                                        MISSSING!
clusterrolebinding.rbac.authorization.k8s.io/alertmanager-main                                                                                          exist
clusterrolebinding.rbac.authorization.k8s.io/basic-users                                                                                                MISSSING!
clusterrolebinding.rbac.authorization.k8s.io/cloud-credential-operator-rolebinding                                                                      exist
clusterrolebinding.rbac.authorization.k8s.io/cluster-admin                                                                                              exist
clusterrolebinding.rbac.authorization.k8s.io/cluster-admins                                                                                             MISSSING!
clusterrolebinding.rbac.authorization.k8s.io/cluster-autoscaler                                                                                         exist
clusterrolebinding.rbac.authorization.k8s.io/cluster-autoscaler-operator                                                                                MISSSING!
clusterrolebinding.rbac.authorization.k8s.io/clusterlogging.4.6.0-202106010807.p0.git.e091c13-685f78498c                                                exist
clusterrolebinding.rbac.authorization.k8s.io/clusterlogging-collector-metrics                                                                           MISSSING!
clusterrolebinding.rbac.authorization.k8s.io/cluster-logging-metadata-reader                                                                            exist
clusterrolebinding.rbac.authorization.k8s.io/cluster-monitoring-operator                                                                                exist
clusterrolebinding.rbac.authorization.k8s.io/cluster-node-tuning-operator                                                                               exist
clusterrolebinding.rbac.authorization.k8s.io/cluster-node-tuning:tuned                                                                                  MISSSING!
clusterrolebinding.rbac.authorization.k8s.io/cluster-readers                                                                                            MISSSING!
clusterrolebinding.rbac.authorization.k8s.io/cluster-samples-operator                                                                                   MISSSING!
clusterrolebinding.rbac.authorization.k8s.io/cluster-samples-operator-proxy-reader                                                                      exist
clusterrolebinding.rbac.authorization.k8s.io/cluster-status-binding                                                                                     exist
clusterrolebinding.rbac.authorization.k8s.io/cluster-storage-operator-role                                                                              exist
clusterrolebinding.rbac.authorization.k8s.io/cluster-version-operator                                                                                   MISSSING!
clusterrolebinding.rbac.authorization.k8s.io/console                                                                                                    MISSSING!
clusterrolebinding.rbac.authorization.k8s.io/console-extensions-reader                                                                                  MISSSING!
clusterrolebinding.rbac.authorization.k8s.io/console-operator                                                                                           MISSSING!
clusterrolebinding.rbac.authorization.k8s.io/console-operator-auth-delegator                                                                            exist
clusterrolebinding.rbac.authorization.k8s.io/csi-snapshot-controller-operator-role                                                                      exist
clusterrolebinding.rbac.authorization.k8s.io/default-account-cluster-image-registry-operator                                                            MISSSING!
clusterrolebinding.rbac.authorization.k8s.io/default-account-cluster-network-operator                                                                   MISSSING!
clusterrolebinding.rbac.authorization.k8s.io/default-account-openshift-machine-config-operator                                                          MISSSING!
clusterrolebinding.rbac.authorization.k8s.io/dns-monitoring                                                                                             exist
clusterrolebinding.rbac.authorization.k8s.io/elasticsearch-metrics                                                                                      exist
clusterrolebinding.rbac.authorization.k8s.io/elasticsearch-operator.4.6.0-202106010807.p0.git.c07c7-bcffc569                                            exist
clusterrolebinding.rbac.authorization.k8s.io/elasticsearch-proxy                                                                                        exist
clusterrolebinding.rbac.authorization.k8s.io/grafana                                                                                                    exist
clusterrolebinding.rbac.authorization.k8s.io/helm-chartrepos-view                                                                                       MISSSING!
clusterrolebinding.rbac.authorization.k8s.io/insights-operator                                                                                          exist
clusterrolebinding.rbac.authorization.k8s.io/insights-operator-auth                                                                                     MISSSING!
clusterrolebinding.rbac.authorization.k8s.io/insights-operator-gather                                                                                   MISSSING!
clusterrolebinding.rbac.authorization.k8s.io/insights-operator-gather-reader                                                                            MISSSING!
clusterrolebinding.rbac.authorization.k8s.io/kube-apiserver                                                                                             MISSSING!
clusterrolebinding.rbac.authorization.k8s.io/kube-state-metrics                                                                                         exist
clusterrolebinding.rbac.authorization.k8s.io/machine-api-controllers                                                                                    MISSSING!
clusterrolebinding.rbac.authorization.k8s.io/machine-api-operator                                                                                       exist
clusterrolebinding.rbac.authorization.k8s.io/machine-config-controller                                                                                  MISSSING!
clusterrolebinding.rbac.authorization.k8s.io/machine-config-daemon                                                                                      MISSSING!
clusterrolebinding.rbac.authorization.k8s.io/machine-config-server                                                                                      exist
clusterrolebinding.rbac.authorization.k8s.io/marketplace-operator                                                                                       exist
clusterrolebinding.rbac.authorization.k8s.io/metrics-daemon-sa-rolebinding                                                                              exist
clusterrolebinding.rbac.authorization.k8s.io/multus                                                                                                     exist
clusterrolebinding.rbac.authorization.k8s.io/multus-admission-controller-webhook                                                                        exist
clusterrolebinding.rbac.authorization.k8s.io/multus-whereabouts                                                                                         exist
clusterrolebinding.rbac.authorization.k8s.io/node-exporter                                                                                              exist
clusterrolebinding.rbac.authorization.k8s.io/olm-operator-binding-openshift-operator-lifecycle-manager                                                  exist
clusterrolebinding.rbac.authorization.k8s.io/openshift-csi-snapshot-controller-role                                                                     MISSSING!
clusterrolebinding.rbac.authorization.k8s.io/openshift-dns                                                                                              exist
clusterrolebinding.rbac.authorization.k8s.io/openshift-dns-operator                                                                                     exist
clusterrolebinding.rbac.authorization.k8s.io/openshift-image-registry-pruner                                                                            exist
clusterrolebinding.rbac.authorization.k8s.io/openshift-ingress-operator                                                                                 MISSSING!
clusterrolebinding.rbac.authorization.k8s.io/openshift-ingress-router                                                                                   exist
clusterrolebinding.rbac.authorization.k8s.io/openshift-ovn-kubernetes-controller                                                                        MISSSING!
clusterrolebinding.rbac.authorization.k8s.io/openshift-ovn-kubernetes-node                                                                              MISSSING!
clusterrolebinding.rbac.authorization.k8s.io/openshift-state-metrics                                                                                    exist
clusterrolebinding.rbac.authorization.k8s.io/packageserver-service-system:auth-delegator                                                                exist
clusterrolebinding.rbac.authorization.k8s.io/prometheus-adapter                                                                                         exist
clusterrolebinding.rbac.authorization.k8s.io/prometheus-adapter-view                                                                                    exist
clusterrolebinding.rbac.authorization.k8s.io/prometheus-k8s                                                                                             exist
clusterrolebinding.rbac.authorization.k8s.io/prometheus-operator                                                                                        exist
clusterrolebinding.rbac.authorization.k8s.io/rbohne@redhat.com-sudoers                                                                                  MISSSING!
clusterrolebinding.rbac.authorization.k8s.io/registry-monitoring                                                                                        exist
clusterrolebinding.rbac.authorization.k8s.io/registry-registry-role                                                                                     exist
clusterrolebinding.rbac.authorization.k8s.io/resource-metrics:system:auth-delegator                                                                     exist
clusterrolebinding.rbac.authorization.k8s.io/router-monitoring                                                                                          MISSSING!
clusterrolebinding.rbac.authorization.k8s.io/run-nfs-client-provisioner                                                                                 exist
clusterrolebinding.rbac.authorization.k8s.io/self-access-reviewers                                                                                      MISSSING!
clusterrolebinding.rbac.authorization.k8s.io/self-provisioners                                                                                          MISSSING!
clusterrolebinding.rbac.authorization.k8s.io/storage-version-migration-migrator                                                                         exist
clusterrolebinding.rbac.authorization.k8s.io/system:basic-user                                                                                          exist
clusterrolebinding.rbac.authorization.k8s.io/system-bootstrap-node-bootstrapper                                                                         MISSSING!
clusterrolebinding.rbac.authorization.k8s.io/system-bootstrap-node-renewal                                                                              exist
clusterrolebinding.rbac.authorization.k8s.io/system:build-strategy-docker-binding                                                                       MISSSING!
clusterrolebinding.rbac.authorization.k8s.io/system:build-strategy-jenkinspipeline-binding                                                              MISSSING!
clusterrolebinding.rbac.authorization.k8s.io/system:build-strategy-source-binding                                                                       MISSSING!
clusterrolebinding.rbac.authorization.k8s.io/system:controller:attachdetach-controller                                                                  exist
clusterrolebinding.rbac.authorization.k8s.io/system:controller:certificate-controller                                                                   exist
clusterrolebinding.rbac.authorization.k8s.io/system:controller:clusterrole-aggregation-controller                                                       exist
clusterrolebinding.rbac.authorization.k8s.io/system:controller:cronjob-controller                                                                       exist
clusterrolebinding.rbac.authorization.k8s.io/system:controller:daemon-set-controller                                                                    exist
clusterrolebinding.rbac.authorization.k8s.io/system:controller:deployment-controller                                                                    exist
clusterrolebinding.rbac.authorization.k8s.io/system:controller:disruption-controller                                                                    exist
clusterrolebinding.rbac.authorization.k8s.io/system:controller:endpoint-controller                                                                      exist
clusterrolebinding.rbac.authorization.k8s.io/system:controller:endpointslice-controller                                                                 exist
clusterrolebinding.rbac.authorization.k8s.io/system:controller:endpointslicemirroring-controller                                                        exist
clusterrolebinding.rbac.authorization.k8s.io/system:controller:expand-controller                                                                        exist
clusterrolebinding.rbac.authorization.k8s.io/system:controller:generic-garbage-collector                                                                exist
clusterrolebinding.rbac.authorization.k8s.io/system:controller:horizontal-pod-autoscaler                                                                exist
clusterrolebinding.rbac.authorization.k8s.io/system:controller:job-controller                                                                           exist
clusterrolebinding.rbac.authorization.k8s.io/system:controller:namespace-controller                                                                     exist
clusterrolebinding.rbac.authorization.k8s.io/system:controller:node-controller                                                                          exist
clusterrolebinding.rbac.authorization.k8s.io/system:controller:persistent-volume-binder                                                                 exist
clusterrolebinding.rbac.authorization.k8s.io/system:controller:pod-garbage-collector                                                                    exist
clusterrolebinding.rbac.authorization.k8s.io/system:controller:pvc-protection-controller                                                                exist
clusterrolebinding.rbac.authorization.k8s.io/system:controller:pv-protection-controller                                                                 exist
clusterrolebinding.rbac.authorization.k8s.io/system:controller:replicaset-controller                                                                    exist
clusterrolebinding.rbac.authorization.k8s.io/system:controller:replication-controller                                                                   exist
clusterrolebinding.rbac.authorization.k8s.io/system:controller:resourcequota-controller                                                                 exist
clusterrolebinding.rbac.authorization.k8s.io/system:controller:route-controller                                                                         exist
clusterrolebinding.rbac.authorization.k8s.io/system:controller:service-account-controller                                                               exist
clusterrolebinding.rbac.authorization.k8s.io/system:controller:service-controller                                                                       exist
clusterrolebinding.rbac.authorization.k8s.io/system:controller:statefulset-controller                                                                   exist
clusterrolebinding.rbac.authorization.k8s.io/system:controller:ttl-controller                                                                           exist
clusterrolebinding.rbac.authorization.k8s.io/system:deployer                                                                                            MISSSING!
clusterrolebinding.rbac.authorization.k8s.io/system:discovery                                                                                           exist
clusterrolebinding.rbac.authorization.k8s.io/system:image-builder                                                                                       exist
clusterrolebinding.rbac.authorization.k8s.io/system:image-puller                                                                                        MISSSING!
clusterrolebinding.rbac.authorization.k8s.io/system:kube-controller-manager                                                                             exist
clusterrolebinding.rbac.authorization.k8s.io/system:kube-dns                                                                                            exist
clusterrolebinding.rbac.authorization.k8s.io/system:kube-scheduler                                                                                      exist
clusterrolebinding.rbac.authorization.k8s.io/system:masters                                                                                             exist
clusterrolebinding.rbac.authorization.k8s.io/system:node                                                                                                exist
clusterrolebinding.rbac.authorization.k8s.io/system:node-admin                                                                                          exist
clusterrolebinding.rbac.authorization.k8s.io/system:node-admins                                                                                         exist
clusterrolebinding.rbac.authorization.k8s.io/system:node-bootstrapper                                                                                   exist
clusterrolebinding.rbac.authorization.k8s.io/system:node-proxier                                                                                        exist
clusterrolebinding.rbac.authorization.k8s.io/system:node-proxiers                                                                                       exist
clusterrolebinding.rbac.authorization.k8s.io/system:oauth-token-deleters                                                                                exist
clusterrolebinding.rbac.authorization.k8s.io/system:openshift:controller:build-config-change-controller                                                 MISSSING!
clusterrolebinding.rbac.authorization.k8s.io/system:openshift:controller:build-controller                                                               MISSSING!
clusterrolebinding.rbac.authorization.k8s.io/system:openshift:controller:cluster-quota-reconciliation-controller                                        exist
clusterrolebinding.rbac.authorization.k8s.io/system:openshift:controller:default-rolebindings-controller                                                MISSSING!
clusterrolebinding.rbac.authorization.k8s.io/system:openshift:controller:deployer-controller                                                            MISSSING!
clusterrolebinding.rbac.authorization.k8s.io/system:openshift:controller:deploymentconfig-controller                                                    MISSSING!
clusterrolebinding.rbac.authorization.k8s.io/system:openshift:controller:horizontal-pod-autoscaler                                                      exist
clusterrolebinding.rbac.authorization.k8s.io/system:openshift:controller:image-import-controller                                                        exist
clusterrolebinding.rbac.authorization.k8s.io/system:openshift:controller:image-trigger-controller                                                       exist
clusterrolebinding.rbac.authorization.k8s.io/system:openshift:controller:kube-apiserver-check-endpoints-auth-delegator                                  exist
clusterrolebinding.rbac.authorization.k8s.io/system:openshift:controller:kube-apiserver-check-endpoints-crd-reader                                      exist
clusterrolebinding.rbac.authorization.k8s.io/system:openshift:controller:kube-apiserver-check-endpoints-node-reader                                     exist
clusterrolebinding.rbac.authorization.k8s.io/system:openshift:controller:machine-approver                                                               exist
clusterrolebinding.rbac.authorization.k8s.io/system:openshift:controller:namespace-security-allocation-controller                                       exist
clusterrolebinding.rbac.authorization.k8s.io/system:openshift:controller:origin-namespace-controller                                                    exist
clusterrolebinding.rbac.authorization.k8s.io/system:openshift:controller:pv-recycler-controller                                                         MISSSING!
clusterrolebinding.rbac.authorization.k8s.io/system:openshift:controller:resourcequota-controller                                                       MISSSING!
clusterrolebinding.rbac.authorization.k8s.io/system:openshift:controller:serviceaccount-controller                                                      MISSSING!
clusterrolebinding.rbac.authorization.k8s.io/system:openshift:controller:serviceaccount-pull-secrets-controller                                         MISSSING!
clusterrolebinding.rbac.authorization.k8s.io/system:openshift:controller:service-ca                                                                     exist
clusterrolebinding.rbac.authorization.k8s.io/system:openshift:controller:service-ingress-ip-controller                                                  exist
clusterrolebinding.rbac.authorization.k8s.io/system:openshift:controller:service-serving-cert-controller                                                exist
clusterrolebinding.rbac.authorization.k8s.io/system:openshift:controller:template-instance-controller                                                   exist
clusterrolebinding.rbac.authorization.k8s.io/system:openshift:controller:template-instance-controller:admin                                             MISSSING!
clusterrolebinding.rbac.authorization.k8s.io/system:openshift:controller:template-instance-finalizer-controller                                         MISSSING!
clusterrolebinding.rbac.authorization.k8s.io/system:openshift:controller:template-instance-finalizer-controller:admin                                   MISSSING!
clusterrolebinding.rbac.authorization.k8s.io/system:openshift:controller:template-service-broker                                                        MISSSING!
clusterrolebinding.rbac.authorization.k8s.io/system:openshift:controller:unidling-controller                                                            MISSSING!
clusterrolebinding.rbac.authorization.k8s.io/system:openshift:discovery                                                                                 exist
clusterrolebinding.rbac.authorization.k8s.io/system:openshift:kube-controller-manager:gce-cloud-provider                                                exist
clusterrolebinding.rbac.authorization.k8s.io/system:openshift:oauth-apiserver                                                                           exist
clusterrolebinding.rbac.authorization.k8s.io/system:openshift:openshift-apiserver                                                                       exist
clusterrolebinding.rbac.authorization.k8s.io/system:openshift:openshift-authentication                                                                  exist
clusterrolebinding.rbac.authorization.k8s.io/system:openshift:openshift-controller-manager                                                              exist
clusterrolebinding.rbac.authorization.k8s.io/system:openshift:openshift-controller-manager:ingress-to-route-controller                                  exist
clusterrolebinding.rbac.authorization.k8s.io/system:openshift:operator:authentication                                                                   exist
clusterrolebinding.rbac.authorization.k8s.io/system:openshift:operator:cluster-kube-scheduler-operator                                                  exist
clusterrolebinding.rbac.authorization.k8s.io/system:openshift:operator:etcd-operator                                                                    exist
clusterrolebinding.rbac.authorization.k8s.io/system:openshift:operator:kube-apiserver-operator                                                          exist
clusterrolebinding.rbac.authorization.k8s.io/system:openshift:operator:kube-apiserver-recovery                                                          exist
clusterrolebinding.rbac.authorization.k8s.io/system:openshift:operator:kube-controller-manager-operator                                                 exist
clusterrolebinding.rbac.authorization.k8s.io/system:openshift:operator:kube-controller-manager-recovery                                                 exist
clusterrolebinding.rbac.authorization.k8s.io/system:openshift:operator:kube-scheduler:public-2                                                          exist
clusterrolebinding.rbac.authorization.k8s.io/system:openshift:operator:kube-scheduler-recovery                                                          exist
clusterrolebinding.rbac.authorization.k8s.io/system:openshift:operator:kube-storage-version-migrator-operator                                           exist
clusterrolebinding.rbac.authorization.k8s.io/system:openshift:operator:openshift-apiserver-operator                                                     exist
clusterrolebinding.rbac.authorization.k8s.io/system:openshift:operator:openshift-config-operator                                                        exist
clusterrolebinding.rbac.authorization.k8s.io/system:openshift:operator:openshift-controller-manager-operator                                            exist
clusterrolebinding.rbac.authorization.k8s.io/system:openshift:operator:openshift-etcd-installer                                                         exist
clusterrolebinding.rbac.authorization.k8s.io/system:openshift:operator:openshift-kube-apiserver-installer                                               exist
clusterrolebinding.rbac.authorization.k8s.io/system:openshift:operator:openshift-kube-controller-manager-installer                                      exist
clusterrolebinding.rbac.authorization.k8s.io/system:openshift:operator:openshift-kube-scheduler-installer                                               exist
clusterrolebinding.rbac.authorization.k8s.io/system:openshift:operator:service-ca-operator                                                              MISSSING!
clusterrolebinding.rbac.authorization.k8s.io/system:openshift:public-info-viewer                                                                        exist
clusterrolebinding.rbac.authorization.k8s.io/system:openshift:tokenreview-openshift-controller-manager                                                  exist
clusterrolebinding.rbac.authorization.k8s.io/system:public-info-viewer                                                                                  exist
clusterrolebinding.rbac.authorization.k8s.io/system:scope-impersonation                                                                                 exist
clusterrolebinding.rbac.authorization.k8s.io/system:sdn-readers                                                                                         exist
clusterrolebinding.rbac.authorization.k8s.io/system:volume-scheduler                                                                                    exist
clusterrolebinding.rbac.authorization.k8s.io/system:webhooks                                                                                            exist
clusterrolebinding.rbac.authorization.k8s.io/telemeter-client                                                                                           exist
clusterrolebinding.rbac.authorization.k8s.io/telemeter-client-view                                                                                      exist
clusterrolebinding.rbac.authorization.k8s.io/thanos-querier                                                                                             exist
clusterrole.rbac.authorization.k8s.io/admin                                                                                                             exist
clusterrole.rbac.authorization.k8s.io/aggregate-olm-edit                                                                                                exist
clusterrole.rbac.authorization.k8s.io/aggregate-olm-view                                                                                                exist
clusterrole.rbac.authorization.k8s.io/alertmanager-main                                                                                                 exist
clusterrole.rbac.authorization.k8s.io/basic-user                                                                                                        exist
clusterrole.rbac.authorization.k8s.io/cloud-credential-operator-role                                                                                    exist
clusterrole.rbac.authorization.k8s.io/cluster-admin                                                                                                     exist
clusterrole.rbac.authorization.k8s.io/cluster-autoscaler                                                                                                exist
clusterrole.rbac.authorization.k8s.io/cluster-autoscaler-operator                                                                                       exist
clusterrole.rbac.authorization.k8s.io/cluster-autoscaler-operator:cluster-reader                                                                        exist
clusterrole.rbac.authorization.k8s.io/cluster-debugger                                                                                                  exist
clusterrole.rbac.authorization.k8s.io/cluster-image-registry-operator                                                                                   exist
clusterrole.rbac.authorization.k8s.io/clusterlogforwarders.logging.openshift.io-v1-admin                                                                exist
clusterrole.rbac.authorization.k8s.io/clusterlogforwarders.logging.openshift.io-v1-crdview                                                              exist
clusterrole.rbac.authorization.k8s.io/clusterlogforwarders.logging.openshift.io-v1-edit                                                                 exist
clusterrole.rbac.authorization.k8s.io/clusterlogforwarders.logging.openshift.io-v1-view                                                                 exist
clusterrole.rbac.authorization.k8s.io/clusterlogging.4.6.0-202106010807.p0.git.e091c13-685f78498c                                                       exist
clusterrole.rbac.authorization.k8s.io/clusterlogging-collector-metrics                                                                                  exist
clusterrole.rbac.authorization.k8s.io/clusterloggings.logging.openshift.io-v1-admin                                                                     exist
clusterrole.rbac.authorization.k8s.io/clusterloggings.logging.openshift.io-v1-crdview                                                                   exist
clusterrole.rbac.authorization.k8s.io/clusterloggings.logging.openshift.io-v1-edit                                                                      exist
clusterrole.rbac.authorization.k8s.io/clusterloggings.logging.openshift.io-v1-view                                                                      exist
clusterrole.rbac.authorization.k8s.io/cluster-monitoring-operator                                                                                       exist
clusterrole.rbac.authorization.k8s.io/cluster-monitoring-view                                                                                           exist
clusterrole.rbac.authorization.k8s.io/cluster-node-tuning-operator                                                                                      exist
clusterrole.rbac.authorization.k8s.io/cluster-node-tuning:tuned                                                                                         exist
clusterrole.rbac.authorization.k8s.io/cluster-reader                                                                                                    exist
clusterrole.rbac.authorization.k8s.io/cluster-samples-operator                                                                                          exist
clusterrole.rbac.authorization.k8s.io/cluster-samples-operator-proxy-reader                                                                             exist
clusterrole.rbac.authorization.k8s.io/cluster-status                                                                                                    exist
clusterrole.rbac.authorization.k8s.io/console                                                                                                           exist
clusterrole.rbac.authorization.k8s.io/console-extensions-reader                                                                                         exist
clusterrole.rbac.authorization.k8s.io/console-operator                                                                                                  exist
clusterrole.rbac.authorization.k8s.io/dns-monitoring                                                                                                    exist
clusterrole.rbac.authorization.k8s.io/edit                                                                                                              exist
clusterrole.rbac.authorization.k8s.io/elasticsearches.logging.openshift.io-v1-admin                                                                     exist
clusterrole.rbac.authorization.k8s.io/elasticsearches.logging.openshift.io-v1-crdview                                                                   exist
clusterrole.rbac.authorization.k8s.io/elasticsearches.logging.openshift.io-v1-edit                                                                      exist
clusterrole.rbac.authorization.k8s.io/elasticsearches.logging.openshift.io-v1-view                                                                      exist
clusterrole.rbac.authorization.k8s.io/elasticsearch-metrics                                                                                             exist
clusterrole.rbac.authorization.k8s.io/elasticsearch-operator.4.6.0-202106010807.p0.git.c07c7-bcffc569                                                   exist
clusterrole.rbac.authorization.k8s.io/elasticsearch-proxy                                                                                               exist
clusterrole.rbac.authorization.k8s.io/global-operators-admin                                                                                            exist
clusterrole.rbac.authorization.k8s.io/global-operators-edit                                                                                             exist
clusterrole.rbac.authorization.k8s.io/global-operators-view                                                                                             exist
clusterrole.rbac.authorization.k8s.io/grafana                                                                                                           exist
clusterrole.rbac.authorization.k8s.io/helm-chartrepos-viewer                                                                                            exist
clusterrole.rbac.authorization.k8s.io/insights-operator                                                                                                 exist
clusterrole.rbac.authorization.k8s.io/insights-operator-gather                                                                                          exist
clusterrole.rbac.authorization.k8s.io/kibanas.logging.openshift.io-v1-admin                                                                             exist
clusterrole.rbac.authorization.k8s.io/kibanas.logging.openshift.io-v1-crdview                                                                           exist
clusterrole.rbac.authorization.k8s.io/kibanas.logging.openshift.io-v1-edit                                                                              exist
clusterrole.rbac.authorization.k8s.io/kibanas.logging.openshift.io-v1-view                                                                              exist
clusterrole.rbac.authorization.k8s.io/kube-apiserver                                                                                                    exist
clusterrole.rbac.authorization.k8s.io/kube-state-metrics                                                                                                exist
clusterrole.rbac.authorization.k8s.io/machine-api-controllers                                                                                           exist
clusterrole.rbac.authorization.k8s.io/machine-api-operator                                                                                              exist
clusterrole.rbac.authorization.k8s.io/machine-api-operator:cluster-reader                                                                               exist
clusterrole.rbac.authorization.k8s.io/machine-config-controller                                                                                         exist
clusterrole.rbac.authorization.k8s.io/machine-config-controller-events                                                                                  exist
clusterrole.rbac.authorization.k8s.io/machine-config-daemon                                                                                             exist
clusterrole.rbac.authorization.k8s.io/machine-config-daemon-events                                                                                      exist
clusterrole.rbac.authorization.k8s.io/machine-config-server                                                                                             exist
clusterrole.rbac.authorization.k8s.io/marketplace-operator                                                                                              exist
clusterrole.rbac.authorization.k8s.io/metadata-reader                                                                                                   exist
clusterrole.rbac.authorization.k8s.io/metrics-daemon-role                                                                                               exist
clusterrole.rbac.authorization.k8s.io/monitoring-edit                                                                                                   exist
clusterrole.rbac.authorization.k8s.io/monitoring-rules-edit                                                                                             exist
clusterrole.rbac.authorization.k8s.io/monitoring-rules-view                                                                                             exist
clusterrole.rbac.authorization.k8s.io/multus                                                                                                            exist
clusterrole.rbac.authorization.k8s.io/multus-admission-controller-webhook                                                                               exist
clusterrole.rbac.authorization.k8s.io/nfs-client-provisioner-runner                                                                                     exist
clusterrole.rbac.authorization.k8s.io/node-exporter                                                                                                     exist
clusterrole.rbac.authorization.k8s.io/olm-operators-admin                                                                                               exist
clusterrole.rbac.authorization.k8s.io/olm-operators-edit                                                                                                exist
clusterrole.rbac.authorization.k8s.io/olm-operators-view                                                                                                exist
clusterrole.rbac.authorization.k8s.io/openshift-cluster-monitoring-admin                                                                                exist
clusterrole.rbac.authorization.k8s.io/openshift-cluster-monitoring-edit                                                                                 exist
clusterrole.rbac.authorization.k8s.io/openshift-cluster-monitoring-view                                                                                 exist
clusterrole.rbac.authorization.k8s.io/openshift-csi-snapshot-controller-runner                                                                          exist
clusterrole.rbac.authorization.k8s.io/openshift-dns                                                                                                     exist
clusterrole.rbac.authorization.k8s.io/openshift-dns-operator                                                                                            exist
clusterrole.rbac.authorization.k8s.io/openshift-ingress-operator                                                                                        exist
clusterrole.rbac.authorization.k8s.io/openshift-ingress-router                                                                                          exist
clusterrole.rbac.authorization.k8s.io/openshift-logging-6hbn8-admin                                                                                     MISSSING!
clusterrole.rbac.authorization.k8s.io/openshift-logging-6hbn8-edit                                                                                      MISSSING!
clusterrole.rbac.authorization.k8s.io/openshift-logging-6hbn8-view                                                                                      MISSSING!
clusterrole.rbac.authorization.k8s.io/openshift-operators-redhat-mgp7x-admin                                                                            MISSSING!
clusterrole.rbac.authorization.k8s.io/openshift-operators-redhat-mgp7x-edit                                                                             MISSSING!
clusterrole.rbac.authorization.k8s.io/openshift-operators-redhat-mgp7x-view                                                                             MISSSING!
clusterrole.rbac.authorization.k8s.io/openshift-ovn-kubernetes-controller                                                                               MISSSING!
clusterrole.rbac.authorization.k8s.io/openshift-ovn-kubernetes-node                                                                                     MISSSING!
clusterrole.rbac.authorization.k8s.io/openshift-state-metrics                                                                                           exist
clusterrole.rbac.authorization.k8s.io/operatorhub-config-reader                                                                                         exist
clusterrole.rbac.authorization.k8s.io/packagemanifests-v1-admin                                                                                         exist
clusterrole.rbac.authorization.k8s.io/packagemanifests-v1-edit                                                                                          exist
clusterrole.rbac.authorization.k8s.io/packagemanifests-v1-view                                                                                          exist
clusterrole.rbac.authorization.k8s.io/prometheus-adapter                                                                                                exist
clusterrole.rbac.authorization.k8s.io/prometheus-k8s                                                                                                    exist
clusterrole.rbac.authorization.k8s.io/prometheus-operator                                                                                               exist
clusterrole.rbac.authorization.k8s.io/registry-admin                                                                                                    exist
clusterrole.rbac.authorization.k8s.io/registry-editor                                                                                                   exist
clusterrole.rbac.authorization.k8s.io/registry-monitoring                                                                                               exist
clusterrole.rbac.authorization.k8s.io/registry-viewer                                                                                                   exist
clusterrole.rbac.authorization.k8s.io/resource-metrics-server-resources                                                                                 exist
clusterrole.rbac.authorization.k8s.io/router-monitoring                                                                                                 exist
clusterrole.rbac.authorization.k8s.io/self-access-reviewer                                                                                              exist
clusterrole.rbac.authorization.k8s.io/self-provisioner                                                                                                  exist
clusterrole.rbac.authorization.k8s.io/storage-admin                                                                                                     exist
clusterrole.rbac.authorization.k8s.io/sudoer                                                                                                            exist
clusterrole.rbac.authorization.k8s.io/system:aggregated-metrics-reader                                                                                  exist
clusterrole.rbac.authorization.k8s.io/system:aggregate-to-admin                                                                                         exist
clusterrole.rbac.authorization.k8s.io/system:aggregate-to-edit                                                                                          exist
clusterrole.rbac.authorization.k8s.io/system:aggregate-to-view                                                                                          exist
clusterrole.rbac.authorization.k8s.io/system:auth-delegator                                                                                             exist
clusterrole.rbac.authorization.k8s.io/system:basic-user                                                                                                 exist
clusterrole.rbac.authorization.k8s.io/system:build-strategy-custom                                                                                      exist
clusterrole.rbac.authorization.k8s.io/system:build-strategy-docker                                                                                      exist
clusterrole.rbac.authorization.k8s.io/system:build-strategy-jenkinspipeline                                                                             exist
clusterrole.rbac.authorization.k8s.io/system:build-strategy-source                                                                                      exist
clusterrole.rbac.authorization.k8s.io/system:certificates.k8s.io:certificatesigningrequests:nodeclient                                                  exist
clusterrole.rbac.authorization.k8s.io/system:certificates.k8s.io:certificatesigningrequests:selfnodeclient                                              exist
clusterrole.rbac.authorization.k8s.io/system:certificates.k8s.io:kube-apiserver-client-approver                                                         exist
clusterrole.rbac.authorization.k8s.io/system:certificates.k8s.io:kube-apiserver-client-kubelet-approver                                                 exist
clusterrole.rbac.authorization.k8s.io/system:certificates.k8s.io:kubelet-serving-approver                                                               exist
clusterrole.rbac.authorization.k8s.io/system:certificates.k8s.io:legacy-unknown-approver                                                                exist
clusterrole.rbac.authorization.k8s.io/system:controller:attachdetach-controller                                                                         exist
clusterrole.rbac.authorization.k8s.io/system:controller:certificate-controller                                                                          exist
clusterrole.rbac.authorization.k8s.io/system:controller:clusterrole-aggregation-controller                                                              exist
clusterrole.rbac.authorization.k8s.io/system:controller:cronjob-controller                                                                              exist
clusterrole.rbac.authorization.k8s.io/system:controller:daemon-set-controller                                                                           exist
clusterrole.rbac.authorization.k8s.io/system:controller:deployment-controller                                                                           exist
clusterrole.rbac.authorization.k8s.io/system:controller:disruption-controller                                                                           exist
clusterrole.rbac.authorization.k8s.io/system:controller:endpoint-controller                                                                             exist
clusterrole.rbac.authorization.k8s.io/system:controller:endpointslice-controller                                                                        exist
clusterrole.rbac.authorization.k8s.io/system:controller:endpointslicemirroring-controller                                                               exist
clusterrole.rbac.authorization.k8s.io/system:controller:expand-controller                                                                               exist
clusterrole.rbac.authorization.k8s.io/system:controller:generic-garbage-collector                                                                       exist
clusterrole.rbac.authorization.k8s.io/system:controller:horizontal-pod-autoscaler                                                                       exist
clusterrole.rbac.authorization.k8s.io/system:controller:job-controller                                                                                  exist
clusterrole.rbac.authorization.k8s.io/system:controller:namespace-controller                                                                            exist
clusterrole.rbac.authorization.k8s.io/system:controller:node-controller                                                                                 exist
clusterrole.rbac.authorization.k8s.io/system:controller:operator-lifecycle-manager                                                                      exist
clusterrole.rbac.authorization.k8s.io/system:controller:persistent-volume-binder                                                                        exist
clusterrole.rbac.authorization.k8s.io/system:controller:pod-garbage-collector                                                                           exist
clusterrole.rbac.authorization.k8s.io/system:controller:pvc-protection-controller                                                                       exist
clusterrole.rbac.authorization.k8s.io/system:controller:pv-protection-controller                                                                        exist
clusterrole.rbac.authorization.k8s.io/system:controller:replicaset-controller                                                                           exist
clusterrole.rbac.authorization.k8s.io/system:controller:replication-controller                                                                          exist
clusterrole.rbac.authorization.k8s.io/system:controller:resourcequota-controller                                                                        exist
clusterrole.rbac.authorization.k8s.io/system:controller:route-controller                                                                                exist
clusterrole.rbac.authorization.k8s.io/system:controller:service-account-controller                                                                      exist
clusterrole.rbac.authorization.k8s.io/system:controller:service-controller                                                                              exist
clusterrole.rbac.authorization.k8s.io/system:controller:statefulset-controller                                                                          exist
clusterrole.rbac.authorization.k8s.io/system:controller:ttl-controller                                                                                  exist
clusterrole.rbac.authorization.k8s.io/system:deployer                                                                                                   exist
clusterrole.rbac.authorization.k8s.io/system:discovery                                                                                                  exist
clusterrole.rbac.authorization.k8s.io/system:heapster                                                                                                   exist
clusterrole.rbac.authorization.k8s.io/system:image-auditor                                                                                              exist
clusterrole.rbac.authorization.k8s.io/system:image-builder                                                                                              exist
clusterrole.rbac.authorization.k8s.io/system:image-pruner                                                                                               exist
clusterrole.rbac.authorization.k8s.io/system:image-puller                                                                                               exist
clusterrole.rbac.authorization.k8s.io/system:image-pusher                                                                                               exist
clusterrole.rbac.authorization.k8s.io/system:image-signer                                                                                               exist
clusterrole.rbac.authorization.k8s.io/system:kube-aggregator                                                                                            exist
clusterrole.rbac.authorization.k8s.io/system:kube-controller-manager                                                                                    exist
clusterrole.rbac.authorization.k8s.io/system:kube-dns                                                                                                   exist
clusterrole.rbac.authorization.k8s.io/system:kubelet-api-admin                                                                                          exist
clusterrole.rbac.authorization.k8s.io/system:kube-scheduler                                                                                             exist
clusterrole.rbac.authorization.k8s.io/system:master                                                                                                     exist
clusterrole.rbac.authorization.k8s.io/system:node                                                                                                       exist
clusterrole.rbac.authorization.k8s.io/system:node-admin                                                                                                 exist
clusterrole.rbac.authorization.k8s.io/system:node-bootstrapper                                                                                          exist
clusterrole.rbac.authorization.k8s.io/system:node-problem-detector                                                                                      exist
clusterrole.rbac.authorization.k8s.io/system:node-proxier                                                                                               exist
clusterrole.rbac.authorization.k8s.io/system:node-reader                                                                                                exist
clusterrole.rbac.authorization.k8s.io/system:oauth-token-deleter                                                                                        exist
clusterrole.rbac.authorization.k8s.io/system:openshift:aggregate-snapshots-to-admin                                                                     exist
clusterrole.rbac.authorization.k8s.io/system:openshift:aggregate-snapshots-to-basic-user                                                                exist
clusterrole.rbac.authorization.k8s.io/system:openshift:aggregate-snapshots-to-storage-admin                                                             exist
clusterrole.rbac.authorization.k8s.io/system:openshift:aggregate-snapshots-to-view                                                                      exist
clusterrole.rbac.authorization.k8s.io/system:openshift:aggregate-to-admin                                                                               exist
clusterrole.rbac.authorization.k8s.io/system:openshift:aggregate-to-basic-user                                                                          exist
clusterrole.rbac.authorization.k8s.io/system:openshift:aggregate-to-cluster-reader                                                                      exist
clusterrole.rbac.authorization.k8s.io/system:openshift:aggregate-to-edit                                                                                exist
clusterrole.rbac.authorization.k8s.io/system:openshift:aggregate-to-storage-admin                                                                       exist
clusterrole.rbac.authorization.k8s.io/system:openshift:aggregate-to-view                                                                                exist
clusterrole.rbac.authorization.k8s.io/system:openshift:cloud-credential-operator:cluster-reader                                                         exist
clusterrole.rbac.authorization.k8s.io/system:openshift:cluster-config-operator:cluster-reader                                                           exist
clusterrole.rbac.authorization.k8s.io/system:openshift:cluster-samples-operator:cluster-reader                                                          exist
clusterrole.rbac.authorization.k8s.io/system:openshift:controller:build-config-change-controller                                                        exist
clusterrole.rbac.authorization.k8s.io/system:openshift:controller:build-controller                                                                      exist
clusterrole.rbac.authorization.k8s.io/system:openshift:controller:check-endpoints                                                                       exist
clusterrole.rbac.authorization.k8s.io/system:openshift:controller:check-endpoints-crd-reader                                                            exist
clusterrole.rbac.authorization.k8s.io/system:openshift:controller:check-endpoints-node-reader                                                           exist
clusterrole.rbac.authorization.k8s.io/system:openshift:controller:cluster-quota-reconciliation-controller                                               exist
clusterrole.rbac.authorization.k8s.io/system:openshift:controller:default-rolebindings-controller                                                       exist
clusterrole.rbac.authorization.k8s.io/system:openshift:controller:deployer-controller                                                                   exist
clusterrole.rbac.authorization.k8s.io/system:openshift:controller:deploymentconfig-controller                                                           exist
clusterrole.rbac.authorization.k8s.io/system:openshift:controller:horizontal-pod-autoscaler                                                             exist
clusterrole.rbac.authorization.k8s.io/system:openshift:controller:image-import-controller                                                               exist
clusterrole.rbac.authorization.k8s.io/system:openshift:controller:image-trigger-controller                                                              exist
clusterrole.rbac.authorization.k8s.io/system:openshift:controller:machine-approver                                                                      exist
clusterrole.rbac.authorization.k8s.io/system:openshift:controller:namespace-security-allocation-controller                                              exist
clusterrole.rbac.authorization.k8s.io/system:openshift:controller:origin-namespace-controller                                                           exist
clusterrole.rbac.authorization.k8s.io/system:openshift:controller:pv-recycler-controller                                                                exist
clusterrole.rbac.authorization.k8s.io/system:openshift:controller:resourcequota-controller                                                              exist
clusterrole.rbac.authorization.k8s.io/system:openshift:controller:serviceaccount-controller                                                             exist
clusterrole.rbac.authorization.k8s.io/system:openshift:controller:serviceaccount-pull-secrets-controller                                                exist
clusterrole.rbac.authorization.k8s.io/system:openshift:controller:service-ca                                                                            exist
clusterrole.rbac.authorization.k8s.io/system:openshift:controller:service-ingress-ip-controller                                                         exist
clusterrole.rbac.authorization.k8s.io/system:openshift:controller:service-serving-cert-controller                                                       exist
clusterrole.rbac.authorization.k8s.io/system:openshift:controller:template-instance-controller                                                          exist
clusterrole.rbac.authorization.k8s.io/system:openshift:controller:template-instance-finalizer-controller                                                exist
clusterrole.rbac.authorization.k8s.io/system:openshift:controller:template-service-broker                                                               exist
clusterrole.rbac.authorization.k8s.io/system:openshift:controller:unidling-controller                                                                   exist
clusterrole.rbac.authorization.k8s.io/system:openshift:discovery                                                                                        exist
clusterrole.rbac.authorization.k8s.io/system:openshift:kube-controller-manager:gce-cloud-provider                                                       exist
clusterrole.rbac.authorization.k8s.io/system:openshift:machine-config-operator:cluster-reader                                                           exist
clusterrole.rbac.authorization.k8s.io/system:openshift:openshift-controller-manager                                                                     exist
clusterrole.rbac.authorization.k8s.io/system:openshift:openshift-controller-manager:ingress-to-route-controller                                         exist
clusterrole.rbac.authorization.k8s.io/system:openshift:public-info-viewer                                                                               exist
clusterrole.rbac.authorization.k8s.io/system:openshift:scc:anyuid                                                                                       exist
clusterrole.rbac.authorization.k8s.io/system:openshift:scc:hostaccess                                                                                   exist
clusterrole.rbac.authorization.k8s.io/system:openshift:scc:hostmount                                                                                    exist
clusterrole.rbac.authorization.k8s.io/system:openshift:scc:hostnetwork                                                                                  exist
clusterrole.rbac.authorization.k8s.io/system:openshift:scc:nonroot                                                                                      exist
clusterrole.rbac.authorization.k8s.io/system:openshift:scc:privileged                                                                                   exist
clusterrole.rbac.authorization.k8s.io/system:openshift:scc:restricted                                                                                   exist
clusterrole.rbac.authorization.k8s.io/system:openshift:templateservicebroker-client                                                                     exist
clusterrole.rbac.authorization.k8s.io/system:openshift:tokenreview-openshift-controller-manager                                                         exist
clusterrole.rbac.authorization.k8s.io/system:persistent-volume-provisioner                                                                              exist
clusterrole.rbac.authorization.k8s.io/system:public-info-viewer                                                                                         exist
clusterrole.rbac.authorization.k8s.io/system:registry                                                                                                   exist
clusterrole.rbac.authorization.k8s.io/system:router                                                                                                     exist
clusterrole.rbac.authorization.k8s.io/system:scope-impersonation                                                                                        exist
clusterrole.rbac.authorization.k8s.io/system:sdn-manager                                                                                                exist
clusterrole.rbac.authorization.k8s.io/system:sdn-reader                                                                                                 exist
clusterrole.rbac.authorization.k8s.io/system:volume-scheduler                                                                                           exist
clusterrole.rbac.authorization.k8s.io/system:webhook                                                                                                    exist
clusterrole.rbac.authorization.k8s.io/telemeter-client                                                                                                  exist
clusterrole.rbac.authorization.k8s.io/thanos-querier                                                                                                    exist
clusterrole.rbac.authorization.k8s.io/view                                                                                                              exist
clusterrole.rbac.authorization.k8s.io/whereabouts-cni                                                                                                   exist
time ./check.sh with-logging-4.6.28.objects
